{
  "stats": {
    "suites": 1,
    "tests": 23,
    "passes": 23,
    "pending": 0,
    "failures": 0,
    "start": "2024-12-05T09:14:51.540Z",
    "end": "2024-12-05T09:15:20.342Z",
    "duration": 28802,
    "testsRegistered": 23,
    "passPercent": 100,
    "pendingPercent": 0,
    "other": 0,
    "hasOther": false,
    "skipped": 0,
    "hasSkipped": false
  },
  "results": [
    {
      "uuid": "81ec3b72-2cc6-4ca9-aac4-ee471c73c0c5",
      "title": "",
      "fullFile": "cypress\\e2e\\Api.cy.js",
      "file": "cypress\\e2e\\Api.cy.js",
      "beforeHooks": [],
      "afterHooks": [],
      "tests": [],
      "suites": [
        {
          "uuid": "4d63e209-c71f-4353-bc7e-f12cb5dc20ff",
          "title": "API GET Request - 200 Status Code Verification",
          "fullFile": "",
          "file": "",
          "beforeHooks": [],
          "afterHooks": [],
          "tests": [
            {
              "title": "GET https://www.apollopharmacy.in/special-offers",
              "fullTitle": "API GET Request - 200 Status Code Verification GET https://www.apollopharmacy.in/special-offers",
              "timedOut": null,
              "duration": 4315,
              "state": "passed",
              "speed": "fast",
              "pass": true,
              "fail": false,
              "pending": false,
              "context": null,
              "code": "cy.request(endpoint).then(response => {\n  // Assert the status code is 200\n  expect(response.status).to.equal(200);\n});",
              "err": {},
              "uuid": "70e10d26-3859-4ea6-9d80-217d4e9bb1be",
              "parentUUID": "4d63e209-c71f-4353-bc7e-f12cb5dc20ff",
              "isHook": false,
              "skipped": false
            },
            {
              "title": "GET https://www.apollopharmacy.in/medicines-cart?source=Home",
              "fullTitle": "API GET Request - 200 Status Code Verification GET https://www.apollopharmacy.in/medicines-cart?source=Home",
              "timedOut": null,
              "duration": 760,
              "state": "passed",
              "speed": "fast",
              "pass": true,
              "fail": false,
              "pending": false,
              "context": null,
              "code": "cy.request(endpoint).then(response => {\n  // Assert the status code is 200\n  expect(response.status).to.equal(200);\n});",
              "err": {},
              "uuid": "e56339d5-b0d0-47e4-a993-72d2c89be92e",
              "parentUUID": "4d63e209-c71f-4353-bc7e-f12cb5dc20ff",
              "isHook": false,
              "skipped": false
            },
            {
              "title": "GET https://www.apollo247.com/specialties",
              "fullTitle": "API GET Request - 200 Status Code Verification GET https://www.apollo247.com/specialties",
              "timedOut": null,
              "duration": 4588,
              "state": "passed",
              "speed": "fast",
              "pass": true,
              "fail": false,
              "pending": false,
              "context": null,
              "code": "cy.request(endpoint).then(response => {\n  // Assert the status code is 200\n  expect(response.status).to.equal(200);\n});",
              "err": {},
              "uuid": "0fdcbe63-9834-4b3e-a662-a5a7d757b5c2",
              "parentUUID": "4d63e209-c71f-4353-bc7e-f12cb5dc20ff",
              "isHook": false,
              "skipped": false
            },
            {
              "title": "GET https://www.apollo247.com/lab-tests?lat=13.058048&long=80.232448",
              "fullTitle": "API GET Request - 200 Status Code Verification GET https://www.apollo247.com/lab-tests?lat=13.058048&long=80.232448",
              "timedOut": null,
              "duration": 1461,
              "state": "passed",
              "speed": "fast",
              "pass": true,
              "fail": false,
              "pending": false,
              "context": null,
              "code": "cy.request(endpoint).then(response => {\n  // Assert the status code is 200\n  expect(response.status).to.equal(200);\n});",
              "err": {},
              "uuid": "00ff5f01-7672-4e9c-b59b-0efbafb25fb6",
              "parentUUID": "4d63e209-c71f-4353-bc7e-f12cb5dc20ff",
              "isHook": false,
              "skipped": false
            },
            {
              "title": "GET https://www.apollo247.com/circle-landing",
              "fullTitle": "API GET Request - 200 Status Code Verification GET https://www.apollo247.com/circle-landing",
              "timedOut": null,
              "duration": 138,
              "state": "passed",
              "speed": "fast",
              "pass": true,
              "fail": false,
              "pending": false,
              "context": null,
              "code": "cy.request(endpoint).then(response => {\n  // Assert the status code is 200\n  expect(response.status).to.equal(200);\n});",
              "err": {},
              "uuid": "4688c2d6-c19e-4c19-bba6-6f9eaecb8f5d",
              "parentUUID": "4d63e209-c71f-4353-bc7e-f12cb5dc20ff",
              "isHook": false,
              "skipped": false
            },
            {
              "title": "GET https://www.apollo247.com/health-records",
              "fullTitle": "API GET Request - 200 Status Code Verification GET https://www.apollo247.com/health-records",
              "timedOut": null,
              "duration": 140,
              "state": "passed",
              "speed": "fast",
              "pass": true,
              "fail": false,
              "pending": false,
              "context": null,
              "code": "cy.request(endpoint).then(response => {\n  // Assert the status code is 200\n  expect(response.status).to.equal(200);\n});",
              "err": {},
              "uuid": "87650909-0d63-41d5-b37b-405fb86814bf",
              "parentUUID": "4d63e209-c71f-4353-bc7e-f12cb5dc20ff",
              "isHook": false,
              "skipped": false
            },
            {
              "title": "GET https://www.apollo247.com/apollo-super6-program",
              "fullTitle": "API GET Request - 200 Status Code Verification GET https://www.apollo247.com/apollo-super6-program",
              "timedOut": null,
              "duration": 414,
              "state": "passed",
              "speed": "fast",
              "pass": true,
              "fail": false,
              "pending": false,
              "context": null,
              "code": "cy.request(endpoint).then(response => {\n  // Assert the status code is 200\n  expect(response.status).to.equal(200);\n});",
              "err": {},
              "uuid": "2eb562cf-2350-4447-99b9-4e6fbe03797a",
              "parentUUID": "4d63e209-c71f-4353-bc7e-f12cb5dc20ff",
              "isHook": false,
              "skipped": false
            },
            {
              "title": "GET https://www.apollo247.com/insurance?utm_source=HANA_Insurance&utm_medium=Header&utm_campaign=Apollo247_Insurance_Homepage",
              "fullTitle": "API GET Request - 200 Status Code Verification GET https://www.apollo247.com/insurance?utm_source=HANA_Insurance&utm_medium=Header&utm_campaign=Apollo247_Insurance_Homepage",
              "timedOut": null,
              "duration": 942,
              "state": "passed",
              "speed": "fast",
              "pass": true,
              "fail": false,
              "pending": false,
              "context": null,
              "code": "cy.request(endpoint).then(response => {\n  // Assert the status code is 200\n  expect(response.status).to.equal(200);\n});",
              "err": {},
              "uuid": "dd9152e2-114b-4404-b7de-448c2e7bfeca",
              "parentUUID": "4d63e209-c71f-4353-bc7e-f12cb5dc20ff",
              "isHook": false,
              "skipped": false
            },
            {
              "title": "GET https://www.apollopharmacy.in/shop-by-category/apollo-products",
              "fullTitle": "API GET Request - 200 Status Code Verification GET https://www.apollopharmacy.in/shop-by-category/apollo-products",
              "timedOut": null,
              "duration": 777,
              "state": "passed",
              "speed": "fast",
              "pass": true,
              "fail": false,
              "pending": false,
              "context": null,
              "code": "cy.request(endpoint).then(response => {\n  // Assert the status code is 200\n  expect(response.status).to.equal(200);\n});",
              "err": {},
              "uuid": "a539094d-fd55-4077-ad5e-0356fdb3bb0e",
              "parentUUID": "4d63e209-c71f-4353-bc7e-f12cb5dc20ff",
              "isHook": false,
              "skipped": false
            },
            {
              "title": "GET https://www.apollopharmacy.in/shop-by-category/baby-care",
              "fullTitle": "API GET Request - 200 Status Code Verification GET https://www.apollopharmacy.in/shop-by-category/baby-care",
              "timedOut": null,
              "duration": 749,
              "state": "passed",
              "speed": "fast",
              "pass": true,
              "fail": false,
              "pending": false,
              "context": null,
              "code": "cy.request(endpoint).then(response => {\n  // Assert the status code is 200\n  expect(response.status).to.equal(200);\n});",
              "err": {},
              "uuid": "429edaba-5646-4316-842f-4fd7e09d5667",
              "parentUUID": "4d63e209-c71f-4353-bc7e-f12cb5dc20ff",
              "isHook": false,
              "skipped": false
            },
            {
              "title": "GET https://www.apollopharmacy.in/shop-by-category/nutritional-drinks-supplements",
              "fullTitle": "API GET Request - 200 Status Code Verification GET https://www.apollopharmacy.in/shop-by-category/nutritional-drinks-supplements",
              "timedOut": null,
              "duration": 803,
              "state": "passed",
              "speed": "fast",
              "pass": true,
              "fail": false,
              "pending": false,
              "context": null,
              "code": "cy.request(endpoint).then(response => {\n  // Assert the status code is 200\n  expect(response.status).to.equal(200);\n});",
              "err": {},
              "uuid": "3ce2419f-18ed-4de1-b44c-24da2fd84a32",
              "parentUUID": "4d63e209-c71f-4353-bc7e-f12cb5dc20ff",
              "isHook": false,
              "skipped": false
            },
            {
              "title": "GET https://www.apollopharmacy.in/shop-by-category/women-care",
              "fullTitle": "API GET Request - 200 Status Code Verification GET https://www.apollopharmacy.in/shop-by-category/women-care",
              "timedOut": null,
              "duration": 574,
              "state": "passed",
              "speed": "fast",
              "pass": true,
              "fail": false,
              "pending": false,
              "context": null,
              "code": "cy.request(endpoint).then(response => {\n  // Assert the status code is 200\n  expect(response.status).to.equal(200);\n});",
              "err": {},
              "uuid": "a056d19b-a31f-44c2-b75d-df71064feb14",
              "parentUUID": "4d63e209-c71f-4353-bc7e-f12cb5dc20ff",
              "isHook": false,
              "skipped": false
            },
            {
              "title": "GET https://www.apollopharmacy.in/shop-by-category/personal-care-1",
              "fullTitle": "API GET Request - 200 Status Code Verification GET https://www.apollopharmacy.in/shop-by-category/personal-care-1",
              "timedOut": null,
              "duration": 682,
              "state": "passed",
              "speed": "fast",
              "pass": true,
              "fail": false,
              "pending": false,
              "context": null,
              "code": "cy.request(endpoint).then(response => {\n  // Assert the status code is 200\n  expect(response.status).to.equal(200);\n});",
              "err": {},
              "uuid": "eee3ba67-5ab9-45d5-b45e-508c24e727a1",
              "parentUUID": "4d63e209-c71f-4353-bc7e-f12cb5dc20ff",
              "isHook": false,
              "skipped": false
            },
            {
              "title": "GET https://www.apollopharmacy.in/shop-by-category/ayurveda",
              "fullTitle": "API GET Request - 200 Status Code Verification GET https://www.apollopharmacy.in/shop-by-category/ayurveda",
              "timedOut": null,
              "duration": 598,
              "state": "passed",
              "speed": "fast",
              "pass": true,
              "fail": false,
              "pending": false,
              "context": null,
              "code": "cy.request(endpoint).then(response => {\n  // Assert the status code is 200\n  expect(response.status).to.equal(200);\n});",
              "err": {},
              "uuid": "8d30e013-9b93-4690-8e54-20b539620a09",
              "parentUUID": "4d63e209-c71f-4353-bc7e-f12cb5dc20ff",
              "isHook": false,
              "skipped": false
            },
            {
              "title": "GET https://www.apollopharmacy.in/shop-by-category/health-devices",
              "fullTitle": "API GET Request - 200 Status Code Verification GET https://www.apollopharmacy.in/shop-by-category/health-devices",
              "timedOut": null,
              "duration": 1194,
              "state": "passed",
              "speed": "fast",
              "pass": true,
              "fail": false,
              "pending": false,
              "context": null,
              "code": "cy.request(endpoint).then(response => {\n  // Assert the status code is 200\n  expect(response.status).to.equal(200);\n});",
              "err": {},
              "uuid": "117fb19b-6944-441d-8658-f1adb7aac4e0",
              "parentUUID": "4d63e209-c71f-4353-bc7e-f12cb5dc20ff",
              "isHook": false,
              "skipped": false
            },
            {
              "title": "GET https://www.apollopharmacy.in/shop-by-category/home-essentials",
              "fullTitle": "API GET Request - 200 Status Code Verification GET https://www.apollopharmacy.in/shop-by-category/home-essentials",
              "timedOut": null,
              "duration": 558,
              "state": "passed",
              "speed": "fast",
              "pass": true,
              "fail": false,
              "pending": false,
              "context": null,
              "code": "cy.request(endpoint).then(response => {\n  // Assert the status code is 200\n  expect(response.status).to.equal(200);\n});",
              "err": {},
              "uuid": "9914079a-be0a-49ce-8f29-a3d32b3ce9bd",
              "parentUUID": "4d63e209-c71f-4353-bc7e-f12cb5dc20ff",
              "isHook": false,
              "skipped": false
            },
            {
              "title": "GET https://www.apollopharmacy.in/shop-by-category/otc",
              "fullTitle": "API GET Request - 200 Status Code Verification GET https://www.apollopharmacy.in/shop-by-category/otc",
              "timedOut": null,
              "duration": 686,
              "state": "passed",
              "speed": "fast",
              "pass": true,
              "fail": false,
              "pending": false,
              "context": null,
              "code": "cy.request(endpoint).then(response => {\n  // Assert the status code is 200\n  expect(response.status).to.equal(200);\n});",
              "err": {},
              "uuid": "d124a9e9-f38f-4f44-9ecc-cd99750cdeb7",
              "parentUUID": "4d63e209-c71f-4353-bc7e-f12cb5dc20ff",
              "isHook": false,
              "skipped": false
            },
            {
              "title": "GET https://www.apollopharmacy.in/pharmacy-nearby",
              "fullTitle": "API GET Request - 200 Status Code Verification GET https://www.apollopharmacy.in/pharmacy-nearby",
              "timedOut": null,
              "duration": 254,
              "state": "passed",
              "speed": "fast",
              "pass": true,
              "fail": false,
              "pending": false,
              "context": null,
              "code": "cy.request(endpoint).then(response => {\n  // Assert the status code is 200\n  expect(response.status).to.equal(200);\n});",
              "err": {},
              "uuid": "ff66c3a8-4c0f-4676-a853-84257a31b932",
              "parentUUID": "4d63e209-c71f-4353-bc7e-f12cb5dc20ff",
              "isHook": false,
              "skipped": false
            },
            {
              "title": "GET https://www.apollopharmacy.in/upload-prescription",
              "fullTitle": "API GET Request - 200 Status Code Verification GET https://www.apollopharmacy.in/upload-prescription",
              "timedOut": null,
              "duration": 298,
              "state": "passed",
              "speed": "fast",
              "pass": true,
              "fail": false,
              "pending": false,
              "context": null,
              "code": "cy.request(endpoint).then(response => {\n  // Assert the status code is 200\n  expect(response.status).to.equal(200);\n});",
              "err": {},
              "uuid": "27fb3da4-9239-48d8-a889-3e9733dc9261",
              "parentUUID": "4d63e209-c71f-4353-bc7e-f12cb5dc20ff",
              "isHook": false,
              "skipped": false
            },
            {
              "title": "GET https://www.apollo247.com/lab-tests",
              "fullTitle": "API GET Request - 200 Status Code Verification GET https://www.apollo247.com/lab-tests",
              "timedOut": null,
              "duration": 2038,
              "state": "passed",
              "speed": "fast",
              "pass": true,
              "fail": false,
              "pending": false,
              "context": null,
              "code": "cy.request(endpoint).then(response => {\n  // Assert the status code is 200\n  expect(response.status).to.equal(200);\n});",
              "err": {},
              "uuid": "25f21ac0-7a28-4143-953a-fdc6b44fce2a",
              "parentUUID": "4d63e209-c71f-4353-bc7e-f12cb5dc20ff",
              "isHook": false,
              "skipped": false
            },
            {
              "title": "GET https://apollo247.onelink.me/775G?pid=HANA_Brand&c=GoodDoctor_SC&af_dp=apollopatients://CommonWebView?url=https://apollo247.com/symptom-checker-doctors?isMobile=true&hideHeader=true&deep_link_value=apollopatients://CommonWebView?url=https://apollo247.com/symptom-checker-doctors?isMobile=true&hideHeader=true&deep_link_sub1=apollopatients://CommonWebView?url=https://apollo247.com/symptom-checker-doctors?isMobile=true&hideHeader=true&af_channel=QR&af_web_dp=https://apollo247.com/symptom-checker-doctors?utm_source=HANA_Brand&utm_medium=QR&utm_campaign=GoodDoctor_SC&deep_link_value=apollopatients://CommonWebView?url=https://apollo247.com/symptom-checker-doctors?isMobile=true&hideHeader=true",
              "fullTitle": "API GET Request - 200 Status Code Verification GET https://apollo247.onelink.me/775G?pid=HANA_Brand&c=GoodDoctor_SC&af_dp=apollopatients://CommonWebView?url=https://apollo247.com/symptom-checker-doctors?isMobile=true&hideHeader=true&deep_link_value=apollopatients://CommonWebView?url=https://apollo247.com/symptom-checker-doctors?isMobile=true&hideHeader=true&deep_link_sub1=apollopatients://CommonWebView?url=https://apollo247.com/symptom-checker-doctors?isMobile=true&hideHeader=true&af_channel=QR&af_web_dp=https://apollo247.com/symptom-checker-doctors?utm_source=HANA_Brand&utm_medium=QR&utm_campaign=GoodDoctor_SC&deep_link_value=apollopatients://CommonWebView?url=https://apollo247.com/symptom-checker-doctors?isMobile=true&hideHeader=true",
              "timedOut": null,
              "duration": 4718,
              "state": "passed",
              "speed": "fast",
              "pass": true,
              "fail": false,
              "pending": false,
              "context": null,
              "code": "cy.request(endpoint).then(response => {\n  // Assert the status code is 200\n  expect(response.status).to.equal(200);\n});",
              "err": {},
              "uuid": "e830549b-86a6-4fc7-8dd7-350d99e7b8ec",
              "parentUUID": "4d63e209-c71f-4353-bc7e-f12cb5dc20ff",
              "isHook": false,
              "skipped": false
            },
            {
              "title": "GET https://www.apollo247.com/symptom-checker?source=homePage",
              "fullTitle": "API GET Request - 200 Status Code Verification GET https://www.apollo247.com/symptom-checker?source=homePage",
              "timedOut": null,
              "duration": 338,
              "state": "passed",
              "speed": "fast",
              "pass": true,
              "fail": false,
              "pending": false,
              "context": null,
              "code": "cy.request(endpoint).then(response => {\n  // Assert the status code is 200\n  expect(response.status).to.equal(200);\n});",
              "err": {},
              "uuid": "12ea045d-611a-4d6b-863f-d6112226fef8",
              "parentUUID": "4d63e209-c71f-4353-bc7e-f12cb5dc20ff",
              "isHook": false,
              "skipped": false
            },
            {
              "title": "GET https://www.apollopharmacy.in/about-us",
              "fullTitle": "API GET Request - 200 Status Code Verification GET https://www.apollopharmacy.in/about-us",
              "timedOut": null,
              "duration": 440,
              "state": "passed",
              "speed": "fast",
              "pass": true,
              "fail": false,
              "pending": false,
              "context": null,
              "code": "cy.request(endpoint).then(response => {\n  // Assert the status code is 200\n  expect(response.status).to.equal(200);\n});",
              "err": {},
              "uuid": "2c9df427-23cb-4f8b-9a93-b434c1c590fb",
              "parentUUID": "4d63e209-c71f-4353-bc7e-f12cb5dc20ff",
              "isHook": false,
              "skipped": false
            }
          ],
          "suites": [],
          "passes": [
            "70e10d26-3859-4ea6-9d80-217d4e9bb1be",
            "e56339d5-b0d0-47e4-a993-72d2c89be92e",
            "0fdcbe63-9834-4b3e-a662-a5a7d757b5c2",
            "00ff5f01-7672-4e9c-b59b-0efbafb25fb6",
            "4688c2d6-c19e-4c19-bba6-6f9eaecb8f5d",
            "87650909-0d63-41d5-b37b-405fb86814bf",
            "2eb562cf-2350-4447-99b9-4e6fbe03797a",
            "dd9152e2-114b-4404-b7de-448c2e7bfeca",
            "a539094d-fd55-4077-ad5e-0356fdb3bb0e",
            "429edaba-5646-4316-842f-4fd7e09d5667",
            "3ce2419f-18ed-4de1-b44c-24da2fd84a32",
            "a056d19b-a31f-44c2-b75d-df71064feb14",
            "eee3ba67-5ab9-45d5-b45e-508c24e727a1",
            "8d30e013-9b93-4690-8e54-20b539620a09",
            "117fb19b-6944-441d-8658-f1adb7aac4e0",
            "9914079a-be0a-49ce-8f29-a3d32b3ce9bd",
            "d124a9e9-f38f-4f44-9ecc-cd99750cdeb7",
            "ff66c3a8-4c0f-4676-a853-84257a31b932",
            "27fb3da4-9239-48d8-a889-3e9733dc9261",
            "25f21ac0-7a28-4143-953a-fdc6b44fce2a",
            "e830549b-86a6-4fc7-8dd7-350d99e7b8ec",
            "12ea045d-611a-4d6b-863f-d6112226fef8",
            "2c9df427-23cb-4f8b-9a93-b434c1c590fb"
          ],
          "failures": [],
          "pending": [],
          "skipped": [],
          "duration": 27465,
          "root": false,
          "rootEmpty": false,
          "_timeout": 2000
        }
      ],
      "passes": [],
      "failures": [],
      "pending": [],
      "skipped": [],
      "duration": 0,
      "root": true,
      "rootEmpty": true,
      "_timeout": 2000
    }
  ],
  "meta": {
    "mocha": {
      "version": "7.0.1"
    },
    "mochawesome": {
      "options": {
        "quiet": false,
        "reportFilename": "mochawesome",
        "saveHtml": false,
        "saveJson": true,
        "consoleReporter": "spec",
        "useInlineDiffs": false,
        "code": true
      },
      "version": "7.1.3"
    },
    "marge": {
      "options": {
        "overwrite": false,
        "html": false,
        "json": true,
        "reportDir": "cypress\\reports\\html\\.jsons"
      },
      "version": "6.2.0"
    }
  }
}