{
  "stats": {
    "suites": 0,
    "tests": 1,
    "passes": 1,
    "pending": 0,
    "failures": 0,
    "start": "2024-12-05T09:17:33.712Z",
    "end": "2024-12-05T09:17:42.853Z",
    "duration": 9141,
    "testsRegistered": 1,
    "passPercent": 100,
    "pendingPercent": 0,
    "other": 0,
    "hasOther": false,
    "skipped": 0,
    "hasSkipped": false
  },
  "results": [
    {
      "uuid": "924e86ab-a9a9-4037-972f-c18a45db5fb6",
      "title": "",
      "fullFile": "cypress\\e2e\\samp.cy.js",
      "file": "cypress\\e2e\\samp.cy.js",
      "beforeHooks": [],
      "afterHooks": [],
      "tests": [
        {
          "title": "Footer",
          "fullTitle": "Footer",
          "timedOut": null,
          "duration": 5921,
          "state": "passed",
          "speed": "medium",
          "pass": true,
          "fail": false,
          "pending": false,
          "context": null,
          "code": "cy.visit(\"https://www.apollopharmacy.in/\");",
          "err": {},
          "uuid": "7fbffb13-6278-4bdb-b3ec-f12b10afad6e",
          "parentUUID": "924e86ab-a9a9-4037-972f-c18a45db5fb6",
          "isHook": false,
          "skipped": false
        }
      ],
      "suites": [],
      "passes": [
        "7fbffb13-6278-4bdb-b3ec-f12b10afad6e"
      ],
      "failures": [],
      "pending": [],
      "skipped": [],
      "duration": 5921,
      "root": true,
      "rootEmpty": false,
      "_timeout": 2000
    }
  ],
  "meta": {
    "mocha": {
      "version": "7.0.1"
    },
    "mochawesome": {
      "options": {
        "quiet": false,
        "reportFilename": "mochawesome",
        "saveHtml": false,
        "saveJson": true,
        "consoleReporter": "spec",
        "useInlineDiffs": false,
        "code": true
      },
      "version": "7.1.3"
    },
    "marge": {
      "options": {
        "overwrite": false,
        "html": false,
        "json": true,
        "reportDir": "cypress\\reports\\html\\.jsons"
      },
      "version": "6.2.0"
    }
  }
}