{
  "stats": {
    "suites": 1,
    "tests": 4,
    "passes": 4,
    "pending": 0,
    "failures": 0,
    "start": "2024-12-05T09:15:23.416Z",
    "end": "2024-12-05T09:15:28.546Z",
    "duration": 5130,
    "testsRegistered": 4,
    "passPercent": 100,
    "pendingPercent": 0,
    "other": 0,
    "hasOther": false,
    "skipped": 0,
    "hasSkipped": false
  },
  "results": [
    {
      "uuid": "934b0e40-2763-4878-9ccf-01a4177fe398",
      "title": "",
      "fullFile": "cypress\\e2e\\CRUD.cy.js",
      "file": "cypress\\e2e\\CRUD.cy.js",
      "beforeHooks": [],
      "afterHooks": [],
      "tests": [],
      "suites": [
        {
          "uuid": "3483c61e-e563-473e-9b3d-0fc0d6da9d1e",
          "title": "API Tests",
          "fullFile": "",
          "file": "",
          "beforeHooks": [],
          "afterHooks": [],
          "tests": [
            {
              "title": "API GET Request",
              "fullTitle": "API Tests API GET Request",
              "timedOut": null,
              "duration": 3597,
              "state": "passed",
              "speed": "fast",
              "pass": true,
              "fail": false,
              "pending": false,
              "context": null,
              "code": "cy.request({\n  method: 'GET',\n  url: 'https://reqres.in/api/users/2'\n}).then(response => {\n  expect(response.status).to.eq(200);\n  expect(response.body).to.have.property('data');\n  expect(response.body.data).to.have.property('first_name', 'Janet');\n  cy.log(JSON.stringify(response.body));\n});",
              "err": {},
              "uuid": "17e665b9-8173-4be5-bf15-0d5c0225e66d",
              "parentUUID": "3483c61e-e563-473e-9b3d-0fc0d6da9d1e",
              "isHook": false,
              "skipped": false
            },
            {
              "title": "API POST Request",
              "fullTitle": "API Tests API POST Request",
              "timedOut": null,
              "duration": 425,
              "state": "passed",
              "speed": "fast",
              "pass": true,
              "fail": false,
              "pending": false,
              "context": null,
              "code": "cy.request({\n  method: 'POST',\n  url: 'https://reqres.in/api/users',\n  body: {\n    name: 'Jai',\n    job: 'CEO'\n  }\n}).then(response => {\n  expect(response.status).to.eq(201);\n  expect(response.body).to.have.property('name', 'Jai');\n  expect(response.body).to.have.property('job', 'CEO');\n  cy.log(JSON.stringify(response.body));\n});",
              "err": {},
              "uuid": "b5532877-1fca-458c-894c-50bd5701b0ad",
              "parentUUID": "3483c61e-e563-473e-9b3d-0fc0d6da9d1e",
              "isHook": false,
              "skipped": false
            },
            {
              "title": "API PUT Request",
              "fullTitle": "API Tests API PUT Request",
              "timedOut": null,
              "duration": 361,
              "state": "passed",
              "speed": "fast",
              "pass": true,
              "fail": false,
              "pending": false,
              "context": null,
              "code": "cy.request({\n  method: 'PUT',\n  url: 'https://reqres.in/api/users/2',\n  body: {\n    name: 'Jaii',\n    job: 'Entrepreneur'\n  }\n}).then(response => {\n  expect(response.status).to.eq(200);\n  expect(response.body).to.have.property('name', 'Jaii');\n  expect(response.body).to.have.property('job', 'Entrepreneur');\n  cy.log(JSON.stringify(response.body));\n});",
              "err": {},
              "uuid": "bbb24acc-0670-40a7-84cb-8cf14fdca815",
              "parentUUID": "3483c61e-e563-473e-9b3d-0fc0d6da9d1e",
              "isHook": false,
              "skipped": false
            },
            {
              "title": "API DELETE Request",
              "fullTitle": "API Tests API DELETE Request",
              "timedOut": null,
              "duration": 412,
              "state": "passed",
              "speed": "fast",
              "pass": true,
              "fail": false,
              "pending": false,
              "context": null,
              "code": "cy.request({\n  method: 'DELETE',\n  url: 'https://reqres.in/api/users/2'\n}).then(response => {\n  expect(response.status).to.eq(204);\n});",
              "err": {},
              "uuid": "37e14183-35a7-44aa-9d68-30f436b97b9c",
              "parentUUID": "3483c61e-e563-473e-9b3d-0fc0d6da9d1e",
              "isHook": false,
              "skipped": false
            }
          ],
          "suites": [],
          "passes": [
            "17e665b9-8173-4be5-bf15-0d5c0225e66d",
            "b5532877-1fca-458c-894c-50bd5701b0ad",
            "bbb24acc-0670-40a7-84cb-8cf14fdca815",
            "37e14183-35a7-44aa-9d68-30f436b97b9c"
          ],
          "failures": [],
          "pending": [],
          "skipped": [],
          "duration": 4795,
          "root": false,
          "rootEmpty": false,
          "_timeout": 2000
        }
      ],
      "passes": [],
      "failures": [],
      "pending": [],
      "skipped": [],
      "duration": 0,
      "root": true,
      "rootEmpty": true,
      "_timeout": 2000
    }
  ],
  "meta": {
    "mocha": {
      "version": "7.0.1"
    },
    "mochawesome": {
      "options": {
        "quiet": false,
        "reportFilename": "mochawesome",
        "saveHtml": false,
        "saveJson": true,
        "consoleReporter": "spec",
        "useInlineDiffs": false,
        "code": true
      },
      "version": "7.1.3"
    },
    "marge": {
      "options": {
        "overwrite": false,
        "html": false,
        "json": true,
        "reportDir": "cypress\\reports\\html\\.jsons"
      },
      "version": "6.2.0"
    }
  }
}