{
  "stats": {
    "suites": 1,
    "tests": 1,
    "passes": 0,
    "pending": 0,
    "failures": 1,
    "start": "2024-12-05T09:17:02.055Z",
    "end": "2024-12-05T09:17:29.430Z",
    "duration": 27375,
    "testsRegistered": 1,
    "passPercent": 0,
    "pendingPercent": 0,
    "other": 0,
    "hasOther": false,
    "skipped": 0,
    "hasSkipped": false
  },
  "results": [
    {
      "uuid": "d73d374b-ead1-446c-b135-75791fd9e027",
      "title": "",
      "fullFile": "cypress\\e2e\\regression.cy.js",
      "file": "cypress\\e2e\\regression.cy.js",
      "beforeHooks": [],
      "afterHooks": [],
      "tests": [],
      "suites": [
        {
          "uuid": "91d78e5f-6ddd-479a-b846-884ae8799d8c",
          "title": "Regression Test for Apollo Pharmacy",
          "fullFile": "",
          "file": "",
          "beforeHooks": [],
          "afterHooks": [],
          "tests": [
            {
              "title": "Footer and Navigation Links",
              "fullTitle": "Regression Test for Apollo Pharmacy Footer and Navigation Links",
              "timedOut": null,
              "duration": 21654,
              "state": "failed",
              "speed": null,
              "pass": false,
              "fail": true,
              "pending": false,
              "context": null,
              "code": "// Visit the Apollo Pharmacy homepage\ncy.visit(\"https://www.apollopharmacy.in/\");\n// Verify the logo is clickable and navigate to the homepage\ncy.get('.Header_logo__YLshq > .yh').should('be.visible').click();\n// Verify the first navigation link is present and clickable\ncy.get('.Header_active__NBhUN > a').should('be.visible').click();\n// Verify the Apollo Products category link is present and clickable\ncy.get('[href=\"/shop-by-category/apollo-products\"]').should('be.visible').click();\n// Verify that clicking the link navigates to the correct page\ncy.url().should('include', '/shop-by-category/apollo-products');\n// Click again on the Apollo Products link and verify that the page doesn't reload or navigate unexpectedly\n//cy.get('[href=\"/shop-by-category/apollo-products\"]').should('be.visible').click()\n// Verify Nutritional Drinks and Supplements category link is clickable\ncy.get('[href=\"/shop-by-category/nutritional-drinks-supplements\"]').should('be.visible').click();\n// Verify Women Care category link is clickable\ncy.get('[href=\"/shop-by-category/women-care\"]').should('be.visible').click();\n// Check if the first product in the list is visible and clickable\n//  cy.get(':nth-child(1) > .u').should('be.visible').click()\n// Check if the second product in the list is visible and clickable\ncy.get(':nth-child(2) > .u > .A > div').should('be.visible').click();\n// Check if the third product in the list is visible and clickable\ncy.get(':nth-child(3) > .u > .A > div').should('be.visible').click();\n// Click the third product again to test for consistency\ncy.get(':nth-child(3) > .u > .A > div').should('be.visible').click();\n// Click the third product again to ensure proper interaction\ncy.get(':nth-child(3) > .u > .A > div').should('be.visible').click();\n// Verify the footer logo is visible and clickable\ncy.get('.Footer_footerLogo__isTPQ > a > .yh').click();\n// Verify that clicking the footer logo navigates to the homepage\ncy.url().should('eq', 'https://www.apollopharmacy.in/');",
              "err": {
                "message": "CypressError: `cy.click()` can only be called on a single element. Your subject contained 2 elements. Pass `{ multiple: true }` if you want to serially click each element.\n\nhttps://on.cypress.io/click",
                "estack": "CypressError: `cy.click()` can only be called on a single element. Your subject contained 2 elements. Pass `{ multiple: true }` if you want to serially click each element.\n\nhttps://on.cypress.io/click\n    at mouseAction (https://www.apollopharmacy.in/__cypress/runner/cypress_runner.js:112355:68)\n    at Context.click (https://www.apollopharmacy.in/__cypress/runner/cypress_runner.js:112522:14)\n    at wrapped (https://www.apollopharmacy.in/__cypress/runner/cypress_runner.js:137935:19)\nFrom Your Spec Code:\n    at Context.eval (webpack://cypress1/./cypress/e2e/regression.cy.js:44:69)",
                "diff": null
              },
              "uuid": "877e001b-7c51-48ec-8dd0-8f881b496a2a",
              "parentUUID": "91d78e5f-6ddd-479a-b846-884ae8799d8c",
              "isHook": false,
              "skipped": false
            }
          ],
          "suites": [],
          "passes": [],
          "failures": [
            "877e001b-7c51-48ec-8dd0-8f881b496a2a"
          ],
          "pending": [],
          "skipped": [],
          "duration": 21654,
          "root": false,
          "rootEmpty": false,
          "_timeout": 2000
        }
      ],
      "passes": [],
      "failures": [],
      "pending": [],
      "skipped": [],
      "duration": 0,
      "root": true,
      "rootEmpty": true,
      "_timeout": 2000
    }
  ],
  "meta": {
    "mocha": {
      "version": "7.0.1"
    },
    "mochawesome": {
      "options": {
        "quiet": false,
        "reportFilename": "mochawesome",
        "saveHtml": false,
        "saveJson": true,
        "consoleReporter": "spec",
        "useInlineDiffs": false,
        "code": true
      },
      "version": "7.1.3"
    },
    "marge": {
      "options": {
        "overwrite": false,
        "html": false,
        "json": true,
        "reportDir": "cypress\\reports\\html\\.jsons"
      },
      "version": "6.2.0"
    }
  }
}