{
  "stats": {
    "suites": 0,
    "tests": 1,
    "passes": 0,
    "pending": 0,
    "failures": 1,
    "start": "2024-12-05T09:16:05.585Z",
    "end": "2024-12-05T09:16:18.309Z",
    "duration": 12724,
    "testsRegistered": 1,
    "passPercent": 0,
    "pendingPercent": 0,
    "other": 0,
    "hasOther": false,
    "skipped": 0,
    "hasSkipped": false
  },
  "results": [
    {
      "uuid": "51f4a65b-79c5-4117-a6ae-f0a58438f2f9",
      "title": "",
      "fullFile": "cypress\\e2e\\end2end.cy.js",
      "file": "cypress\\e2e\\end2end.cy.js",
      "beforeHooks": [],
      "afterHooks": [],
      "tests": [
        {
          "title": "Footer",
          "fullTitle": "Footer",
          "timedOut": null,
          "duration": 9517,
          "state": "failed",
          "speed": null,
          "pass": false,
          "fail": true,
          "pending": false,
          "context": null,
          "code": "cy.visit(\"https://www.apollopharmacy.in/\");\ncy.get('.Header_logo__YLshq > .yh').click();\ncy.get('.Header_active__NBhUN > a').click();\ncy.get('[href=\"/shop-by-category/apollo-products\"]').click();\ncy.get('[href=\"/shop-by-category/apollo-products\"]').click();\ncy.get('[href=\"/shop-by-category/nutritional-drinks-supplements\"]').click();\ncy.get('[href=\"/shop-by-category/women-care\"]').click();\ncy.get(':nth-child(1) > .u').click();\ncy.get(':nth-child(2) > .u > .A > div').click();\ncy.get(':nth-child(3) > .u > .A > div').click();\ncy.get(':nth-child(3) > .u > .A > div').click();\n//  cy.get(':nth-child(3) > .u > .A > div').click()\ncy.get('.Footer_footerLogo__isTPQ > a > .yh').click();",
          "err": {
            "message": "CypressError: `cy.click()` can only be called on a single element. Your subject contained 2 elements. Pass `{ multiple: true }` if you want to serially click each element.\n\nhttps://on.cypress.io/click",
            "estack": "CypressError: `cy.click()` can only be called on a single element. Your subject contained 2 elements. Pass `{ multiple: true }` if you want to serially click each element.\n\nhttps://on.cypress.io/click\n    at mouseAction (https://www.apollopharmacy.in/__cypress/runner/cypress_runner.js:112355:68)\n    at Context.click (https://www.apollopharmacy.in/__cypress/runner/cypress_runner.js:112522:14)\n    at wrapped (https://www.apollopharmacy.in/__cypress/runner/cypress_runner.js:137935:19)\nFrom Your Spec Code:\n    at Context.eval (webpack://cypress1/./cypress/e2e/end2end.cy.js:18:44)",
            "diff": null
          },
          "uuid": "64d03fd3-f0f3-4312-a16a-1b9aa26c88a1",
          "parentUUID": "51f4a65b-79c5-4117-a6ae-f0a58438f2f9",
          "isHook": false,
          "skipped": false
        }
      ],
      "suites": [],
      "passes": [],
      "failures": [
        "64d03fd3-f0f3-4312-a16a-1b9aa26c88a1"
      ],
      "pending": [],
      "skipped": [],
      "duration": 9517,
      "root": true,
      "rootEmpty": false,
      "_timeout": 2000
    }
  ],
  "meta": {
    "mocha": {
      "version": "7.0.1"
    },
    "mochawesome": {
      "options": {
        "quiet": false,
        "reportFilename": "mochawesome",
        "saveHtml": false,
        "saveJson": true,
        "consoleReporter": "spec",
        "useInlineDiffs": false,
        "code": true
      },
      "version": "7.1.3"
    },
    "marge": {
      "options": {
        "overwrite": false,
        "html": false,
        "json": true,
        "reportDir": "cypress\\reports\\html\\.jsons"
      },
      "version": "6.2.0"
    }
  }
}